2026-01-20T12:19:08 21.86
2026-01-20T12:19:13 19.92
2026-01-20T12:19:18 20.7
2026-01-20T12:19:23 21.33
2026-01-20T12:19:28 24.46
2026-01-20T12:19:33 21.81
2026-01-20T12:19:38 20.63
2026-01-20T12:19:43 28.2
2026-01-20T12:19:48 21.99
2026-01-20T12:19:53 23.68
2026-01-20T12:19:58 22.11
2026-01-20T12:20:03 22.15
2026-01-20T12:20:08 27.14
2026-01-20T12:20:13 21.35
2026-01-20T12:20:18 22.78
2026-01-20T12:20:23 22.56
2026-01-20T12:20:28 23.04
2026-01-20T12:20:33 26.57
2026-01-20T12:20:38 24.69
2026-01-20T12:20:43 23.09
2026-01-20T12:20:48 20.67
2026-01-20T12:20:53 21.5
2026-01-20T12:20:58 23.83
2026-01-20T12:21:03 24.81
2026-01-20T12:21:08 23.45
2026-01-20T12:21:13 24.56
2026-01-20T12:21:18 21.77
2026-01-20T12:21:23 22.2
2026-01-20T12:21:28 20.96
2026-01-20T12:21:33 21.91
2026-01-20T12:21:38 24.31
2026-01-20T12:21:43 19.5
2026-01-20T12:21:48 19.13
2026-01-20T12:21:53 25.96
2026-01-20T12:21:58 23.19
2026-01-20T12:22:03 24.27
2026-01-20T12:22:08 23.7
2026-01-20T12:22:13 20.54
2026-01-20T12:22:18 19.62
2026-01-20T12:22:23 18.62
2026-01-20T12:22:28 24.59
2026-01-20T12:22:33 23.31
2026-01-20T12:22:38 22.62
2026-01-20T12:22:43 22.01
2026-01-20T12:22:48 21.83
2026-01-20T12:22:53 21.68
2026-01-20T12:22:58 24.19
2026-01-20T12:23:03 24.24
2026-01-20T12:23:08 21.67
2026-01-20T12:23:13 24.47
2026-01-20T12:23:18 22.55
2026-01-20T12:23:23 21.55
2026-01-20T12:23:28 25.39
2026-01-20T12:23:33 22.1
2026-01-20T12:23:38 20.29
2026-01-20T12:23:43 17.06
2026-01-20T12:23:48 21.08
2026-01-20T12:23:53 22.87
2026-01-20T12:23:58 24.55
2026-01-20T12:24:03 20.72
2026-01-20T12:24:08 22.88
2026-01-20T12:24:13 23.39
2026-01-20T12:24:18 21.91
2026-01-20T12:24:23 22.93
2026-01-20T12:24:28 23.95
2026-01-20T12:24:33 24.95
2026-01-20T12:24:38 23.46
2026-01-20T12:24:43 21.48
2026-01-20T12:24:48 24.84
2026-01-20T12:24:53 18.59
2026-01-20T12:24:58 22.66
2026-01-20T12:25:03 22.72
2026-01-20T12:25:08 18.68
2026-01-20T12:25:13 25.25
2026-01-20T12:25:18 20.84
2026-01-20T12:25:23 21.66
2026-01-20T12:25:28 21.94
2026-01-20T12:25:33 23.65
2026-01-20T12:25:38 20.96
2026-01-20T12:25:43 25.21
2026-01-20T12:25:48 22.26
2026-01-20T12:25:53 22.51
2026-01-20T12:25:58 22.92
2026-01-20T12:26:03 20.03
2026-01-20T12:26:08 26.16
2026-01-20T12:26:13 24.77
2026-01-20T12:26:18 19.22
2026-01-20T12:26:23 21.82
2026-01-20T12:26:28 23.65
2026-01-20T12:26:33 18.44
2026-01-20T12:26:38 19.78
2026-01-20T12:26:43 22.8
2026-01-20T12:26:48 24.07
2026-01-20T12:26:53 18.61
2026-01-20T12:26:58 24.36
2026-01-20T12:27:03 22.35
2026-01-20T12:27:08 18.86
2026-01-20T12:27:13 22.32
2026-01-20T12:27:18 20.95
2026-01-20T12:27:23 20.69
2026-01-20T12:27:28 22.42
2026-01-20T12:27:33 24.96
2026-01-20T12:27:38 19.38
2026-01-20T12:27:43 20.08
2026-01-20T12:27:48 16.39
2026-01-20T12:27:53 21.19
2026-01-20T12:27:58 23.18
2026-01-20T12:28:03 19.45
2026-01-20T12:28:08 23.11
2026-01-20T12:28:13 20.15
2026-01-20T12:28:18 19.21
2026-01-20T12:28:23 22.52
2026-01-20T12:28:28 19.32
2026-01-20T12:28:33 20.24
2026-01-20T12:28:38 23.67
2026-01-20T12:28:43 22.45
2026-01-20T12:28:48 22.52
2026-01-20T12:28:53 21.51
2026-01-20T12:28:58 22.23
2026-01-20T12:29:03 27.13
2026-01-20T12:29:08 23.47
2026-01-20T12:29:13 20.92
2026-01-20T12:29:18 24.89
2026-01-20T12:29:23 22.74
2026-01-20T12:29:28 23.72
2026-01-20T12:29:33 20.11
2026-01-20T12:29:38 22.49
2026-01-20T12:29:43 22.82
2026-01-20T12:29:48 19.72
2026-01-20T12:29:53 23.15
2026-01-20T12:29:58 22.61
2026-01-20T12:30:03 22.26
2026-01-20T12:30:08 21.22
2026-01-20T12:30:13 21.67
2026-01-20T12:30:18 22.87
2026-01-20T12:30:23 21.74
2026-01-20T12:30:28 19.05
2026-01-20T12:30:33 22.43
2026-01-20T12:30:38 21.65
2026-01-20T12:30:43 21.89
2026-01-20T12:30:48 20.16
2026-01-20T12:30:53 20.86
2026-01-20T12:30:58 22.42
2026-01-20T12:31:03 18.4
2026-01-20T12:31:08 20.93
2026-01-20T12:31:13 20.8
2026-01-20T12:31:18 21.08
2026-01-20T12:31:23 19.05
2026-01-20T12:31:28 22.89
2026-01-20T12:31:33 19
2026-01-20T12:31:38 22.17
2026-01-20T12:31:43 21.52
2026-01-20T12:31:48 20.4
2026-01-20T12:31:53 25.63
2026-01-20T12:31:58 23.25
2026-01-20T12:32:03 22.37
2026-01-20T12:32:08 26.2
2026-01-20T12:32:13 21.65
2026-01-20T12:32:18 23.87
2026-01-20T12:32:23 20.41
2026-01-20T12:32:28 22.1
2026-01-20T12:32:33 24.69
2026-01-20T12:32:38 23.29
2026-01-20T12:32:43 21.37
2026-01-20T12:32:48 22.23
2026-01-20T12:32:53 22.01
2026-01-20T12:32:58 23.82
2026-01-20T12:33:03 21.76
2026-01-20T12:33:08 21.33
2026-01-20T12:33:13 21.1
2026-01-20T12:33:18 24.35
2026-01-20T12:33:23 22.91
2026-01-20T12:33:28 23.27
2026-01-20T12:33:33 23.88
2026-01-20T12:33:39 21.98
2026-01-20T12:33:44 23.04
2026-01-20T12:33:49 21.79
2026-01-20T12:33:54 23.37
2026-01-20T12:33:59 24.09
2026-01-20T12:34:04 23.83
2026-01-20T12:34:09 23.41
2026-01-20T12:34:14 25.37
2026-01-20T12:34:19 24.75
2026-01-20T12:34:24 23.8
2026-01-20T12:34:29 18.83
2026-01-20T12:34:34 20.44
2026-01-20T12:34:39 24.06
2026-01-20T12:34:44 21.33
2026-01-20T12:34:49 21.76
2026-01-20T12:34:54 18.52
2026-01-20T12:34:59 20.43
2026-01-20T12:35:04 16.89
2026-01-20T12:35:09 23.44
2026-01-20T12:35:14 23.36
2026-01-20T12:35:19 19.84
2026-01-20T12:35:24 22.5
2026-01-20T12:35:29 20.46
2026-01-20T12:35:34 18.27
2026-01-20T12:35:39 20.58
2026-01-20T12:35:44 23.17
2026-01-20T12:35:49 21.47
2026-01-20T12:35:54 22.09
2026-01-20T12:35:59 19.1
2026-01-20T12:36:04 25.17
2026-01-20T12:36:09 20.32
2026-01-20T12:36:14 21.34
2026-01-20T12:36:19 19.45
2026-01-20T12:36:24 20.84
2026-01-20T12:36:29 23.28
2026-01-20T12:36:34 24.21
2026-01-20T12:36:39 19.11
2026-01-20T12:36:44 22.97
2026-01-20T12:36:49 24.78
2026-01-20T12:36:54 23.19
2026-01-20T12:36:59 19.55
